app/build/intermediates/manifest_merge_blame_file/debug/manifest-merger-blame-debug-report.txt
1<?xml version="1.0" encoding="utf-8"?>
2<manifest xmlns:android="http://schemas.android.com/apk/res/android"
3    package="com.firedetection.app"
4    android:versionCode="1"
5    android:versionName="1.0" >
6
7    <uses-sdk
8        android:minSdkVersion="24"
9        android:targetSdkVersion="34" />
10
11    <!-- Permissions -->
12    <uses-permission android:name="android.permission.CAMERA" />
12-->src\main\AndroidManifest.xml:6:5-65
12-->src\main\AndroidManifest.xml:6:22-62
13    <uses-permission android:name="android.permission.INTERNET" />
13-->src\main\AndroidManifest.xml:7:5-67
13-->src\main\AndroidManifest.xml:7:22-64
14    <uses-permission android:name="android.permission.ACCESS_NETWORK_STATE" />
14-->src\main\AndroidManifest.xml:8:5-79
14-->src\main\AndroidManifest.xml:8:22-76
15    <uses-permission android:name="android.permission.POST_NOTIFICATIONS" />
15-->src\main\AndroidManifest.xml:9:5-77
15-->src\main\AndroidManifest.xml:9:22-74
16    <uses-permission android:name="android.permission.WAKE_LOCK" />
16-->src\main\AndroidManifest.xml:10:5-68
16-->src\main\AndroidManifest.xml:10:22-65
17    <uses-permission android:name="android.permission.FOREGROUND_SERVICE" />
17-->src\main\AndroidManifest.xml:11:5-77
17-->src\main\AndroidManifest.xml:11:22-74
18    <uses-permission android:name="android.permission.FOREGROUND_SERVICE_CAMERA" />
18-->src\main\AndroidManifest.xml:12:5-84
18-->src\main\AndroidManifest.xml:12:22-81
19    <uses-permission android:name="android.permission.RECEIVE_BOOT_COMPLETED" />
19-->src\main\AndroidManifest.xml:13:5-81
19-->src\main\AndroidManifest.xml:13:22-78
20
21    <!-- Camera features -->
22    <uses-feature
22-->src\main\AndroidManifest.xml:16:5-84
23        android:name="android.hardware.camera"
23-->src\main\AndroidManifest.xml:16:19-57
24        android:required="true" />
24-->src\main\AndroidManifest.xml:16:58-81
25    <uses-feature
25-->src\main\AndroidManifest.xml:17:5-95
26        android:name="android.hardware.camera.autofocus"
26-->src\main\AndroidManifest.xml:17:19-67
27        android:required="false" />
27-->src\main\AndroidManifest.xml:17:68-92
28
29    <permission
29-->[androidx.core:core:1.12.0] AndroidManifest.xml:22:5-24:47
30        android:name="com.firedetection.app.DYNAMIC_RECEIVER_NOT_EXPORTED_PERMISSION"
30-->[androidx.core:core:1.12.0] AndroidManifest.xml:23:9-81
31        android:protectionLevel="signature" />
31-->[androidx.core:core:1.12.0] AndroidManifest.xml:24:9-44
32
33    <uses-permission android:name="com.firedetection.app.DYNAMIC_RECEIVER_NOT_EXPORTED_PERMISSION" />
33-->[androidx.core:core:1.12.0] AndroidManifest.xml:26:5-97
33-->[androidx.core:core:1.12.0] AndroidManifest.xml:26:22-94
34
35    <application
35-->src\main\AndroidManifest.xml:19:5-76:19
36        android:allowBackup="true"
36-->src\main\AndroidManifest.xml:20:9-35
37        android:appComponentFactory="androidx.core.app.CoreComponentFactory"
37-->[androidx.core:core:1.12.0] AndroidManifest.xml:28:18-86
38        android:dataExtractionRules="@xml/data_extraction_rules"
38-->src\main\AndroidManifest.xml:21:9-65
39        android:debuggable="true"
40        android:extractNativeLibs="false"
41        android:fullBackupContent="@xml/backup_rules"
41-->src\main\AndroidManifest.xml:22:9-54
42        android:icon="@mipmap/ic_launcher"
42-->src\main\AndroidManifest.xml:23:9-43
43        android:label="@string/app_name"
43-->src\main\AndroidManifest.xml:24:9-41
44        android:roundIcon="@mipmap/ic_launcher_round"
44-->src\main\AndroidManifest.xml:25:9-54
45        android:supportsRtl="true"
45-->src\main\AndroidManifest.xml:26:9-35
46        android:theme="@style/Theme.FireDetection" >
46-->src\main\AndroidManifest.xml:27:9-51
47        <activity
47-->src\main\AndroidManifest.xml:30:9-39:20
48            android:name="com.firedetection.app.MainActivity"
48-->src\main\AndroidManifest.xml:31:13-41
49            android:exported="true"
49-->src\main\AndroidManifest.xml:32:13-36
50            android:screenOrientation="portrait"
50-->src\main\AndroidManifest.xml:33:13-49
51            android:theme="@style/Theme.FireDetection" >
51-->src\main\AndroidManifest.xml:34:13-55
52            <intent-filter>
52-->src\main\AndroidManifest.xml:35:13-38:29
53                <action android:name="android.intent.action.MAIN" />
53-->src\main\AndroidManifest.xml:36:17-69
53-->src\main\AndroidManifest.xml:36:25-66
54
55                <category android:name="android.intent.category.LAUNCHER" />
55-->src\main\AndroidManifest.xml:37:17-77
55-->src\main\AndroidManifest.xml:37:27-74
56            </intent-filter>
57        </activity>
58        <activity
58-->src\main\AndroidManifest.xml:41:9-45:58
59            android:name="com.firedetection.app.ui.CameraActivity"
59-->src\main\AndroidManifest.xml:42:13-46
60            android:exported="false"
60-->src\main\AndroidManifest.xml:43:13-37
61            android:screenOrientation="portrait"
61-->src\main\AndroidManifest.xml:44:13-49
62            android:theme="@style/Theme.FireDetection" />
62-->src\main\AndroidManifest.xml:45:13-55
63        <activity
63-->src\main\AndroidManifest.xml:47:9-50:58
64            android:name="com.firedetection.app.ui.SettingsActivity"
64-->src\main\AndroidManifest.xml:48:13-48
65            android:exported="false"
65-->src\main\AndroidManifest.xml:49:13-37
66            android:theme="@style/Theme.FireDetection" />
66-->src\main\AndroidManifest.xml:50:13-55
67
68        <!-- Service for background detection -->
69        <service
69-->src\main\AndroidManifest.xml:53:9-57:54
70            android:name="com.firedetection.app.service.FireDetectionService"
70-->src\main\AndroidManifest.xml:54:13-57
71            android:enabled="true"
71-->src\main\AndroidManifest.xml:55:13-35
72            android:exported="false"
72-->src\main\AndroidManifest.xml:56:13-37
73            android:foregroundServiceType="camera" />
73-->src\main\AndroidManifest.xml:57:13-51
74
75        <!-- Work Manager for background processing -->
76        <provider
77            android:name="androidx.startup.InitializationProvider"
77-->src\main\AndroidManifest.xml:61:13-67
78            android:authorities="com.firedetection.app.androidx-startup"
78-->src\main\AndroidManifest.xml:62:13-68
79            android:exported="false" >
79-->src\main\AndroidManifest.xml:63:13-37
80            <meta-data
80-->[androidx.emoji2:emoji2:1.2.0] AndroidManifest.xml:29:13-31:52
81                android:name="androidx.emoji2.text.EmojiCompatInitializer"
81-->[androidx.emoji2:emoji2:1.2.0] AndroidManifest.xml:30:17-75
82                android:value="androidx.startup" />
82-->[androidx.emoji2:emoji2:1.2.0] AndroidManifest.xml:31:17-49
83            <meta-data
83-->[androidx.lifecycle:lifecycle-process:2.7.0] AndroidManifest.xml:29:13-31:52
84                android:name="androidx.lifecycle.ProcessLifecycleInitializer"
84-->[androidx.lifecycle:lifecycle-process:2.7.0] AndroidManifest.xml:30:17-78
85                android:value="androidx.startup" />
85-->[androidx.lifecycle:lifecycle-process:2.7.0] AndroidManifest.xml:31:17-49
86            <meta-data
86-->[androidx.profileinstaller:profileinstaller:1.3.0] AndroidManifest.xml:29:13-31:52
87                android:name="androidx.profileinstaller.ProfileInstallerInitializer"
87-->[androidx.profileinstaller:profileinstaller:1.3.0] AndroidManifest.xml:30:17-85
88                android:value="androidx.startup" />
88-->[androidx.profileinstaller:profileinstaller:1.3.0] AndroidManifest.xml:31:17-49
89        </provider>
90
91        <!-- Notification channels -->
92        <meta-data
92-->src\main\AndroidManifest.xml:72:9-74:71
93            android:name="com.google.firebase.messaging.default_notification_channel_id"
93-->src\main\AndroidManifest.xml:73:13-89
94            android:value="@string/default_notification_channel_id" />
94-->src\main\AndroidManifest.xml:74:13-68
95
96        <activity
96-->[com.karumi:dexter:6.2.3] AndroidManifest.xml:27:9-29:72
97            android:name="com.karumi.dexter.DexterActivity"
97-->[com.karumi:dexter:6.2.3] AndroidManifest.xml:28:13-60
98            android:theme="@style/Dexter.Internal.Theme.Transparent" />
98-->[com.karumi:dexter:6.2.3] AndroidManifest.xml:29:13-69
99
100        <service
100-->[androidx.camera:camera-camera2:1.3.1] AndroidManifest.xml:24:9-33:19
101            android:name="androidx.camera.core.impl.MetadataHolderService"
101-->[androidx.camera:camera-camera2:1.3.1] AndroidManifest.xml:25:13-75
102            android:enabled="false"
102-->[androidx.camera:camera-camera2:1.3.1] AndroidManifest.xml:26:13-36
103            android:exported="false" >
103-->[androidx.camera:camera-camera2:1.3.1] AndroidManifest.xml:27:13-37
104            <meta-data
104-->[androidx.camera:camera-camera2:1.3.1] AndroidManifest.xml:30:13-32:89
105                android:name="androidx.camera.core.impl.MetadataHolderService.DEFAULT_CONFIG_PROVIDER"
105-->[androidx.camera:camera-camera2:1.3.1] AndroidManifest.xml:31:17-103
106                android:value="androidx.camera.camera2.Camera2Config$DefaultProvider" />
106-->[androidx.camera:camera-camera2:1.3.1] AndroidManifest.xml:32:17-86
107        </service>
108        <service
108-->[com.google.mlkit:object-detection:17.0.0] AndroidManifest.xml:11:9-17:19
109            android:name="com.google.mlkit.common.internal.MlKitComponentDiscoveryService"
109-->[com.google.mlkit:object-detection:17.0.0] AndroidManifest.xml:12:13-91
110            android:directBootAware="true"
110-->[com.google.mlkit:common:18.0.0] AndroidManifest.xml:17:13-43
111            android:exported="false" >
111-->[com.google.mlkit:object-detection:17.0.0] AndroidManifest.xml:13:13-37
112            <meta-data
112-->[com.google.mlkit:object-detection:17.0.0] AndroidManifest.xml:14:13-16:85
113                android:name="com.google.firebase.components:com.google.mlkit.vision.objects.defaults.internal.DefaultObjectsRegistrar"
113-->[com.google.mlkit:object-detection:17.0.0] AndroidManifest.xml:15:17-136
114                android:value="com.google.firebase.components.ComponentRegistrar" />
114-->[com.google.mlkit:object-detection:17.0.0] AndroidManifest.xml:16:17-82
115            <meta-data
115-->[com.google.mlkit:vision-internal-vkp:18.2.2] AndroidManifest.xml:14:13-16:85
116                android:name="com.google.firebase.components:com.google.mlkit.vision.vkp.VkpRegistrar"
116-->[com.google.mlkit:vision-internal-vkp:18.2.2] AndroidManifest.xml:15:17-103
117                android:value="com.google.firebase.components.ComponentRegistrar" />
117-->[com.google.mlkit:vision-internal-vkp:18.2.2] AndroidManifest.xml:16:17-82
118            <meta-data
118-->[com.google.mlkit:vision-common:17.0.0] AndroidManifest.xml:12:13-14:85
119                android:name="com.google.firebase.components:com.google.mlkit.vision.common.internal.VisionCommonRegistrar"
119-->[com.google.mlkit:vision-common:17.0.0] AndroidManifest.xml:13:17-124
120                android:value="com.google.firebase.components.ComponentRegistrar" />
120-->[com.google.mlkit:vision-common:17.0.0] AndroidManifest.xml:14:17-82
121            <meta-data
121-->[com.google.mlkit:common:18.0.0] AndroidManifest.xml:20:13-22:85
122                android:name="com.google.firebase.components:com.google.mlkit.common.internal.CommonComponentRegistrar"
122-->[com.google.mlkit:common:18.0.0] AndroidManifest.xml:21:17-120
123                android:value="com.google.firebase.components.ComponentRegistrar" />
123-->[com.google.mlkit:common:18.0.0] AndroidManifest.xml:22:17-82
124        </service>
125
126        <provider
126-->[com.google.mlkit:common:18.0.0] AndroidManifest.xml:9:9-13:38
127            android:name="com.google.mlkit.common.internal.MlKitInitProvider"
127-->[com.google.mlkit:common:18.0.0] AndroidManifest.xml:10:13-78
128            android:authorities="com.firedetection.app.mlkitinitprovider"
128-->[com.google.mlkit:common:18.0.0] AndroidManifest.xml:11:13-69
129            android:exported="false"
129-->[com.google.mlkit:common:18.0.0] AndroidManifest.xml:12:13-37
130            android:initOrder="99" />
130-->[com.google.mlkit:common:18.0.0] AndroidManifest.xml:13:13-35
131
132        <activity
132-->[com.google.android.gms:play-services-base:18.0.1] AndroidManifest.xml:20:9-22:45
133            android:name="com.google.android.gms.common.api.GoogleApiActivity"
133-->[com.google.android.gms:play-services-base:18.0.1] AndroidManifest.xml:20:19-85
134            android:exported="false"
134-->[com.google.android.gms:play-services-base:18.0.1] AndroidManifest.xml:22:19-43
135            android:theme="@android:style/Theme.Translucent.NoTitleBar" />
135-->[com.google.android.gms:play-services-base:18.0.1] AndroidManifest.xml:21:19-78
136
137        <meta-data
137-->[com.google.android.gms:play-services-basement:18.0.0] AndroidManifest.xml:21:9-23:69
138            android:name="com.google.android.gms.version"
138-->[com.google.android.gms:play-services-basement:18.0.0] AndroidManifest.xml:22:13-58
139            android:value="@integer/google_play_services_version" />
139-->[com.google.android.gms:play-services-basement:18.0.0] AndroidManifest.xml:23:13-66
140
141        <service
141-->[androidx.work:work-runtime:2.9.0] AndroidManifest.xml:39:9-45:35
142            android:name="androidx.work.impl.background.systemalarm.SystemAlarmService"
142-->[androidx.work:work-runtime:2.9.0] AndroidManifest.xml:40:13-88
143            android:directBootAware="false"
143-->[androidx.work:work-runtime:2.9.0] AndroidManifest.xml:41:13-44
144            android:enabled="@bool/enable_system_alarm_service_default"
144-->[androidx.work:work-runtime:2.9.0] AndroidManifest.xml:42:13-72
145            android:exported="false" />
145-->[androidx.work:work-runtime:2.9.0] AndroidManifest.xml:43:13-37
146        <service
146-->[androidx.work:work-runtime:2.9.0] AndroidManifest.xml:46:9-52:35
147            android:name="androidx.work.impl.background.systemjob.SystemJobService"
147-->[androidx.work:work-runtime:2.9.0] AndroidManifest.xml:47:13-84
148            android:directBootAware="false"
148-->[androidx.work:work-runtime:2.9.0] AndroidManifest.xml:48:13-44
149            android:enabled="@bool/enable_system_job_service_default"
149-->[androidx.work:work-runtime:2.9.0] AndroidManifest.xml:49:13-70
150            android:exported="true"
150-->[androidx.work:work-runtime:2.9.0] AndroidManifest.xml:50:13-36
151            android:permission="android.permission.BIND_JOB_SERVICE" />
151-->[androidx.work:work-runtime:2.9.0] AndroidManifest.xml:51:13-69
152        <service
152-->[androidx.work:work-runtime:2.9.0] AndroidManifest.xml:53:9-59:35
153            android:name="androidx.work.impl.foreground.SystemForegroundService"
153-->[androidx.work:work-runtime:2.9.0] AndroidManifest.xml:54:13-81
154            android:directBootAware="false"
154-->[androidx.work:work-runtime:2.9.0] AndroidManifest.xml:55:13-44
155            android:enabled="@bool/enable_system_foreground_service_default"
155-->[androidx.work:work-runtime:2.9.0] AndroidManifest.xml:56:13-77
156            android:exported="false" />
156-->[androidx.work:work-runtime:2.9.0] AndroidManifest.xml:57:13-37
157
158        <receiver
158-->[androidx.work:work-runtime:2.9.0] AndroidManifest.xml:61:9-66:35
159            android:name="androidx.work.impl.utils.ForceStopRunnable$BroadcastReceiver"
159-->[androidx.work:work-runtime:2.9.0] AndroidManifest.xml:62:13-88
160            android:directBootAware="false"
160-->[androidx.work:work-runtime:2.9.0] AndroidManifest.xml:63:13-44
161            android:enabled="true"
161-->[androidx.work:work-runtime:2.9.0] AndroidManifest.xml:64:13-35
162            android:exported="false" />
162-->[androidx.work:work-runtime:2.9.0] AndroidManifest.xml:65:13-37
163        <receiver
163-->[androidx.work:work-runtime:2.9.0] AndroidManifest.xml:67:9-77:20
164            android:name="androidx.work.impl.background.systemalarm.ConstraintProxy$BatteryChargingProxy"
164-->[androidx.work:work-runtime:2.9.0] AndroidManifest.xml:68:13-106
165            android:directBootAware="false"
165-->[androidx.work:work-runtime:2.9.0] AndroidManifest.xml:69:13-44
166            android:enabled="false"
166-->[androidx.work:work-runtime:2.9.0] AndroidManifest.xml:70:13-36
167            android:exported="false" >
167-->[androidx.work:work-runtime:2.9.0] AndroidManifest.xml:71:13-37
168            <intent-filter>
168-->[androidx.work:work-runtime:2.9.0] AndroidManifest.xml:73:13-76:29
169                <action android:name="android.intent.action.ACTION_POWER_CONNECTED" />
169-->[androidx.work:work-runtime:2.9.0] AndroidManifest.xml:74:17-87
169-->[androidx.work:work-runtime:2.9.0] AndroidManifest.xml:74:25-84
170                <action android:name="android.intent.action.ACTION_POWER_DISCONNECTED" />
170-->[androidx.work:work-runtime:2.9.0] AndroidManifest.xml:75:17-90
170-->[androidx.work:work-runtime:2.9.0] AndroidManifest.xml:75:25-87
171            </intent-filter>
172        </receiver>
173        <receiver
173-->[androidx.work:work-runtime:2.9.0] AndroidManifest.xml:78:9-88:20
174            android:name="androidx.work.impl.background.systemalarm.ConstraintProxy$BatteryNotLowProxy"
174-->[androidx.work:work-runtime:2.9.0] AndroidManifest.xml:79:13-104
175            android:directBootAware="false"
175-->[androidx.work:work-runtime:2.9.0] AndroidManifest.xml:80:13-44
176            android:enabled="false"
176-->[androidx.work:work-runtime:2.9.0] AndroidManifest.xml:81:13-36
177            android:exported="false" >
177-->[androidx.work:work-runtime:2.9.0] AndroidManifest.xml:82:13-37
178            <intent-filter>
178-->[androidx.work:work-runtime:2.9.0] AndroidManifest.xml:84:13-87:29
179                <action android:name="android.intent.action.BATTERY_OKAY" />
179-->[androidx.work:work-runtime:2.9.0] AndroidManifest.xml:85:17-77
179-->[androidx.work:work-runtime:2.9.0] AndroidManifest.xml:85:25-74
180                <action android:name="android.intent.action.BATTERY_LOW" />
180-->[androidx.work:work-runtime:2.9.0] AndroidManifest.xml:86:17-76
180-->[androidx.work:work-runtime:2.9.0] AndroidManifest.xml:86:25-73
181            </intent-filter>
182        </receiver>
183        <receiver
183-->[androidx.work:work-runtime:2.9.0] AndroidManifest.xml:89:9-99:20
184            android:name="androidx.work.impl.background.systemalarm.ConstraintProxy$StorageNotLowProxy"
184-->[androidx.work:work-runtime:2.9.0] AndroidManifest.xml:90:13-104
185            android:directBootAware="false"
185-->[androidx.work:work-runtime:2.9.0] AndroidManifest.xml:91:13-44
186            android:enabled="false"
186-->[androidx.work:work-runtime:2.9.0] AndroidManifest.xml:92:13-36
187            android:exported="false" >
187-->[androidx.work:work-runtime:2.9.0] AndroidManifest.xml:93:13-37
188            <intent-filter>
188-->[androidx.work:work-runtime:2.9.0] AndroidManifest.xml:95:13-98:29
189                <action android:name="android.intent.action.DEVICE_STORAGE_LOW" />
189-->[androidx.work:work-runtime:2.9.0] AndroidManifest.xml:96:17-83
189-->[androidx.work:work-runtime:2.9.0] AndroidManifest.xml:96:25-80
190                <action android:name="android.intent.action.DEVICE_STORAGE_OK" />
190-->[androidx.work:work-runtime:2.9.0] AndroidManifest.xml:97:17-82
190-->[androidx.work:work-runtime:2.9.0] AndroidManifest.xml:97:25-79
191            </intent-filter>
192        </receiver>
193        <receiver
193-->[androidx.work:work-runtime:2.9.0] AndroidManifest.xml:100:9-109:20
194            android:name="androidx.work.impl.background.systemalarm.ConstraintProxy$NetworkStateProxy"
194-->[androidx.work:work-runtime:2.9.0] AndroidManifest.xml:101:13-103
195            android:directBootAware="false"
195-->[androidx.work:work-runtime:2.9.0] AndroidManifest.xml:102:13-44
196            android:enabled="false"
196-->[androidx.work:work-runtime:2.9.0] AndroidManifest.xml:103:13-36
197            android:exported="false" >
197-->[androidx.work:work-runtime:2.9.0] AndroidManifest.xml:104:13-37
198            <intent-filter>
198-->[androidx.work:work-runtime:2.9.0] AndroidManifest.xml:106:13-108:29
199                <action android:name="android.net.conn.CONNECTIVITY_CHANGE" />
199-->[androidx.work:work-runtime:2.9.0] AndroidManifest.xml:107:17-79
199-->[androidx.work:work-runtime:2.9.0] AndroidManifest.xml:107:25-76
200            </intent-filter>
201        </receiver>
202        <receiver
202-->[androidx.work:work-runtime:2.9.0] AndroidManifest.xml:110:9-121:20
203            android:name="androidx.work.impl.background.systemalarm.RescheduleReceiver"
203-->[androidx.work:work-runtime:2.9.0] AndroidManifest.xml:111:13-88
204            android:directBootAware="false"
204-->[androidx.work:work-runtime:2.9.0] AndroidManifest.xml:112:13-44
205            android:enabled="false"
205-->[androidx.work:work-runtime:2.9.0] AndroidManifest.xml:113:13-36
206            android:exported="false" >
206-->[androidx.work:work-runtime:2.9.0] AndroidManifest.xml:114:13-37
207            <intent-filter>
207-->[androidx.work:work-runtime:2.9.0] AndroidManifest.xml:116:13-120:29
208                <action android:name="android.intent.action.BOOT_COMPLETED" />
208-->[androidx.work:work-runtime:2.9.0] AndroidManifest.xml:117:17-79
208-->[androidx.work:work-runtime:2.9.0] AndroidManifest.xml:117:25-76
209                <action android:name="android.intent.action.TIME_SET" />
209-->[androidx.work:work-runtime:2.9.0] AndroidManifest.xml:118:17-73
209-->[androidx.work:work-runtime:2.9.0] AndroidManifest.xml:118:25-70
210                <action android:name="android.intent.action.TIMEZONE_CHANGED" />
210-->[androidx.work:work-runtime:2.9.0] AndroidManifest.xml:119:17-81
210-->[androidx.work:work-runtime:2.9.0] AndroidManifest.xml:119:25-78
211            </intent-filter>
212        </receiver>
213        <receiver
213-->[androidx.work:work-runtime:2.9.0] AndroidManifest.xml:122:9-131:20
214            android:name="androidx.work.impl.background.systemalarm.ConstraintProxyUpdateReceiver"
214-->[androidx.work:work-runtime:2.9.0] AndroidManifest.xml:123:13-99
215            android:directBootAware="false"
215-->[androidx.work:work-runtime:2.9.0] AndroidManifest.xml:124:13-44
216            android:enabled="@bool/enable_system_alarm_service_default"
216-->[androidx.work:work-runtime:2.9.0] AndroidManifest.xml:125:13-72
217            android:exported="false" >
217-->[androidx.work:work-runtime:2.9.0] AndroidManifest.xml:126:13-37
218            <intent-filter>
218-->[androidx.work:work-runtime:2.9.0] AndroidManifest.xml:128:13-130:29
219                <action android:name="androidx.work.impl.background.systemalarm.UpdateProxies" />
219-->[androidx.work:work-runtime:2.9.0] AndroidManifest.xml:129:17-98
219-->[androidx.work:work-runtime:2.9.0] AndroidManifest.xml:129:25-95
220            </intent-filter>
221        </receiver>
222        <receiver
222-->[androidx.work:work-runtime:2.9.0] AndroidManifest.xml:132:9-142:20
223            android:name="androidx.work.impl.diagnostics.DiagnosticsReceiver"
223-->[androidx.work:work-runtime:2.9.0] AndroidManifest.xml:133:13-78
224            android:directBootAware="false"
224-->[androidx.work:work-runtime:2.9.0] AndroidManifest.xml:134:13-44
225            android:enabled="true"
225-->[androidx.work:work-runtime:2.9.0] AndroidManifest.xml:135:13-35
226            android:exported="true"
226-->[androidx.work:work-runtime:2.9.0] AndroidManifest.xml:136:13-36
227            android:permission="android.permission.DUMP" >
227-->[androidx.work:work-runtime:2.9.0] AndroidManifest.xml:137:13-57
228            <intent-filter>
228-->[androidx.work:work-runtime:2.9.0] AndroidManifest.xml:139:13-141:29
229                <action android:name="androidx.work.diagnostics.REQUEST_DIAGNOSTICS" />
229-->[androidx.work:work-runtime:2.9.0] AndroidManifest.xml:140:17-88
229-->[androidx.work:work-runtime:2.9.0] AndroidManifest.xml:140:25-85
230            </intent-filter>
231        </receiver>
232
233        <uses-library
233-->[androidx.window:window:1.0.0] AndroidManifest.xml:25:9-27:40
234            android:name="androidx.window.extensions"
234-->[androidx.window:window:1.0.0] AndroidManifest.xml:26:13-54
235            android:required="false" />
235-->[androidx.window:window:1.0.0] AndroidManifest.xml:27:13-37
236        <uses-library
236-->[androidx.window:window:1.0.0] AndroidManifest.xml:28:9-30:40
237            android:name="androidx.window.sidecar"
237-->[androidx.window:window:1.0.0] AndroidManifest.xml:29:13-51
238            android:required="false" />
238-->[androidx.window:window:1.0.0] AndroidManifest.xml:30:13-37
239
240        <service
240-->[androidx.room:room-runtime:2.5.0] AndroidManifest.xml:24:9-28:63
241            android:name="androidx.room.MultiInstanceInvalidationService"
241-->[androidx.room:room-runtime:2.5.0] AndroidManifest.xml:25:13-74
242            android:directBootAware="true"
242-->[androidx.room:room-runtime:2.5.0] AndroidManifest.xml:26:13-43
243            android:exported="false" />
243-->[androidx.room:room-runtime:2.5.0] AndroidManifest.xml:27:13-37
244        <service
244-->[com.google.android.datatransport:transport-backend-cct:2.3.3] AndroidManifest.xml:29:9-35:19
245            android:name="com.google.android.datatransport.runtime.backends.TransportBackendDiscovery"
245-->[com.google.android.datatransport:transport-backend-cct:2.3.3] AndroidManifest.xml:30:13-103
246            android:exported="false" >
246-->[com.google.android.datatransport:transport-backend-cct:2.3.3] AndroidManifest.xml:31:13-37
247            <meta-data
247-->[com.google.android.datatransport:transport-backend-cct:2.3.3] AndroidManifest.xml:32:13-34:39
248                android:name="backend:com.google.android.datatransport.cct.CctBackendFactory"
248-->[com.google.android.datatransport:transport-backend-cct:2.3.3] AndroidManifest.xml:33:17-94
249                android:value="cct" />
249-->[com.google.android.datatransport:transport-backend-cct:2.3.3] AndroidManifest.xml:34:17-36
250        </service>
251        <service
251-->[com.google.android.datatransport:transport-runtime:2.2.6] AndroidManifest.xml:26:9-30:19
252            android:name="com.google.android.datatransport.runtime.scheduling.jobscheduling.JobInfoSchedulerService"
252-->[com.google.android.datatransport:transport-runtime:2.2.6] AndroidManifest.xml:27:13-117
253            android:exported="false"
253-->[com.google.android.datatransport:transport-runtime:2.2.6] AndroidManifest.xml:28:13-37
254            android:permission="android.permission.BIND_JOB_SERVICE" >
254-->[com.google.android.datatransport:transport-runtime:2.2.6] AndroidManifest.xml:29:13-69
255        </service>
256
257        <receiver
257-->[com.google.android.datatransport:transport-runtime:2.2.6] AndroidManifest.xml:32:9-34:40
258            android:name="com.google.android.datatransport.runtime.scheduling.jobscheduling.AlarmManagerSchedulerBroadcastReceiver"
258-->[com.google.android.datatransport:transport-runtime:2.2.6] AndroidManifest.xml:33:13-132
259            android:exported="false" />
259-->[com.google.android.datatransport:transport-runtime:2.2.6] AndroidManifest.xml:34:13-37
260        <receiver
260-->[androidx.profileinstaller:profileinstaller:1.3.0] AndroidManifest.xml:34:9-52:20
261            android:name="androidx.profileinstaller.ProfileInstallReceiver"
261-->[androidx.profileinstaller:profileinstaller:1.3.0] AndroidManifest.xml:35:13-76
262            android:directBootAware="false"
262-->[androidx.profileinstaller:profileinstaller:1.3.0] AndroidManifest.xml:36:13-44
263            android:enabled="true"
263-->[androidx.profileinstaller:profileinstaller:1.3.0] AndroidManifest.xml:37:13-35
264            android:exported="true"
264-->[androidx.profileinstaller:profileinstaller:1.3.0] AndroidManifest.xml:38:13-36
265            android:permission="android.permission.DUMP" >
265-->[androidx.profileinstaller:profileinstaller:1.3.0] AndroidManifest.xml:39:13-57
266            <intent-filter>
266-->[androidx.profileinstaller:profileinstaller:1.3.0] AndroidManifest.xml:40:13-42:29
267                <action android:name="androidx.profileinstaller.action.INSTALL_PROFILE" />
267-->[androidx.profileinstaller:profileinstaller:1.3.0] AndroidManifest.xml:41:17-91
267-->[androidx.profileinstaller:profileinstaller:1.3.0] AndroidManifest.xml:41:25-88
268            </intent-filter>
269            <intent-filter>
269-->[androidx.profileinstaller:profileinstaller:1.3.0] AndroidManifest.xml:43:13-45:29
270                <action android:name="androidx.profileinstaller.action.SKIP_FILE" />
270-->[androidx.profileinstaller:profileinstaller:1.3.0] AndroidManifest.xml:44:17-85
270-->[androidx.profileinstaller:profileinstaller:1.3.0] AndroidManifest.xml:44:25-82
271            </intent-filter>
272            <intent-filter>
272-->[androidx.profileinstaller:profileinstaller:1.3.0] AndroidManifest.xml:46:13-48:29
273                <action android:name="androidx.profileinstaller.action.SAVE_PROFILE" />
273-->[androidx.profileinstaller:profileinstaller:1.3.0] AndroidManifest.xml:47:17-88
273-->[androidx.profileinstaller:profileinstaller:1.3.0] AndroidManifest.xml:47:25-85
274            </intent-filter>
275            <intent-filter>
275-->[androidx.profileinstaller:profileinstaller:1.3.0] AndroidManifest.xml:49:13-51:29
276                <action android:name="androidx.profileinstaller.action.BENCHMARK_OPERATION" />
276-->[androidx.profileinstaller:profileinstaller:1.3.0] AndroidManifest.xml:50:17-95
276-->[androidx.profileinstaller:profileinstaller:1.3.0] AndroidManifest.xml:50:25-92
277            </intent-filter>
278        </receiver>
279    </application>
280
281</manifest>